2025-09-28 22:18:00.715 GMT [50180] INFO:  pgraft: Initializing extension version 1.0.0
2025-09-28 22:18:00.715 GMT [50180] LOG:  pgraft: Shared memory request hook installed
2025-09-28 22:18:00.715 GMT [50180] LOG:  pgraft: Shared memory startup hook installed
2025-09-28 22:18:00.715 GMT [50180] LOG:  pgraft: GUC variables registered
2025-09-28 22:18:00.715 GMT [50180] LOG:  pgraft: background worker registered during preload (will start after consistent state)
2025-09-28 22:18:00.715 GMT [50180] LOG:  pgraft: Background worker registration completed
2025-09-28 22:18:00.715 GMT [50180] INFO:  pgraft: Extension initialized successfully
2025-09-28 22:18:00.715 GMT [50180] LOG:  pgraft: Shared memory request hook completed
2025-09-28 22:18:00.717 GMT [50180] LOG:  pgraft: Shared memory startup hook called
2025-09-28 22:18:00.717 GMT [50180] INFO:  pgraft: Initializing shared memory
2025-09-28 22:18:00.717 GMT [50180] INFO:  pgraft: Creating new shared memory
2025-09-28 22:18:00.717 GMT [50180] INFO:  pgraft: Shared memory initialized
2025-09-28 22:18:00.717 GMT [50180] LOG:  pgraft: Go shared memory initialization completed
2025-09-28 22:18:00.717 GMT [50180] INFO:  pgraft: Initializing log replication shared memory
2025-09-28 22:18:00.717 GMT [50180] INFO:  pgraft: Creating new log replication shared memory
2025-09-28 22:18:00.717 GMT [50180] INFO:  pgraft: Log replication shared memory initialized
2025-09-28 22:18:00.717 GMT [50180] LOG:  pgraft: Worker shared memory initialization completed
2025-09-28 22:18:00.717 GMT [50180] LOG:  pgraft: All shared memory structures initialized
2025-09-28 22:18:00.729 GMT [50180] LOG:  starting PostgreSQL 17.6 on aarch64-apple-darwin24.5.0, compiled by Apple clang version 17.0.0 (clang-1700.0.13.5), 64-bit
2025-09-28 22:18:00.730 GMT [50180] LOG:  listening on IPv6 address "::", port 5434
2025-09-28 22:18:00.730 GMT [50180] LOG:  listening on IPv4 address "0.0.0.0", port 5434
2025-09-28 22:18:00.731 GMT [50180] LOG:  listening on Unix socket "/tmp/.s.PGSQL.5434"
2025-09-28 22:18:00.733 GMT [50183] LOG:  database system was shut down at 2025-09-28 22:17:49 GMT
2025-09-28 22:18:00.736 GMT [50180] LOG:  database system is ready to accept connections
2025-09-28 22:18:00.736 GMT [50186] LOG:  pgraft: Background worker main function started
2025-09-28 22:18:00.736 GMT [50186] LOG:  pgraft: Background worker signal handling set up
2025-09-28 22:18:00.736 GMT [50186] LOG:  pgraft: Worker state obtained successfully
2025-09-28 22:18:00.736 GMT [50186] LOG:  pgraft: Worker status set to RUNNING
2025-09-28 22:18:00.736 GMT [50186] LOG:  pgraft: Background worker started and running
2025-09-28 22:18:00.736 GMT [50186] LOG:  pgraft: Worker loop - command_count=0, head=0, tail=0
2025-09-28 22:18:00.736 GMT [50186] INFO:  pgraft: Initializing Go state shared memory
2025-09-28 22:18:00.736 GMT [50186] INFO:  pgraft: Creating new Go state shared memory
2025-09-28 22:18:00.736 GMT [50186] INFO:  pgraft: Go state shared memory initialized
2025-09-28 22:18:05.740 GMT [50186] LOG:  pgraft: Worker loop - command_count=0, head=0, tail=0
2025-09-28 22:18:10.744 GMT [50186] LOG:  pgraft: Background worker running... (alive check)
2025-09-28 22:18:10.745 GMT [50186] LOG:  pgraft: Worker loop - command_count=0, head=0, tail=0
2025-09-28 22:18:10.885 GMT [50282] INFO:  pgraft: Queuing INIT command for node 3 at 127.0.0.1:7003 (cluster: pgraft_cluster)
2025-09-28 22:18:10.885 GMT [50282] LOG:  pgraft: pgraft_queue_command called with type=1, node_id=3, address=127.0.0.1, port=7003
2025-09-28 22:18:10.885 GMT [50282] STATEMENT:  SELECT pgraft_init()
2025-09-28 22:18:10.885 GMT [50282] LOG:  pgraft: Command 1 queued for node 3 at 127.0.0.1:7003 (count=1)
2025-09-28 22:18:10.885 GMT [50282] STATEMENT:  SELECT pgraft_init()
2025-09-28 22:18:10.885 GMT [50282] INFO:  pgraft: INIT command queued successfully - background worker will process it
2025-09-28 22:18:10.885 GMT [50282] INFO:  pgraft: pgraft_get_worker_state() function called
2025-09-28 22:18:10.894 GMT [50285] INFO:  pgraft: Queuing ADD_NODE command for node 1 at 127.0.0.1:7001
2025-09-28 22:18:10.894 GMT [50285] LOG:  pgraft: pgraft_queue_command called with type=2, node_id=1, address=127.0.0.1, port=7001
2025-09-28 22:18:10.894 GMT [50285] STATEMENT:  SELECT pgraft_add_node(1, '127.0.0.1', 7001)
2025-09-28 22:18:10.894 GMT [50285] LOG:  pgraft: Command 2 queued for node 1 at 127.0.0.1:7001 (count=2)
2025-09-28 22:18:10.894 GMT [50285] STATEMENT:  SELECT pgraft_add_node(1, '127.0.0.1', 7001)
2025-09-28 22:18:10.894 GMT [50285] INFO:  pgraft: ADD_NODE command queued successfully - background worker will process it
2025-09-28 22:18:10.894 GMT [50285] INFO:  pgraft: Queuing ADD_NODE command for node 2 at 127.0.0.1:7002
2025-09-28 22:18:10.894 GMT [50285] LOG:  pgraft: pgraft_queue_command called with type=2, node_id=2, address=127.0.0.1, port=7002
2025-09-28 22:18:10.894 GMT [50285] STATEMENT:  SELECT pgraft_add_node(2, '127.0.0.1', 7002)
2025-09-28 22:18:10.894 GMT [50285] LOG:  pgraft: Command 2 queued for node 2 at 127.0.0.1:7002 (count=3)
2025-09-28 22:18:10.894 GMT [50285] STATEMENT:  SELECT pgraft_add_node(2, '127.0.0.1', 7002)
2025-09-28 22:18:10.894 GMT [50285] INFO:  pgraft: ADD_NODE command queued successfully - background worker will process it
2025-09-28 22:18:10.907 GMT [50288] LOG:  pgraft: pgraft_core_get_cluster_state called
2025-09-28 22:18:10.907 GMT [50288] STATEMENT:  SELECT * FROM pgraft_get_cluster_status()
2025-09-28 22:18:10.907 GMT [50288] LOG:  pgraft: Core system not initialized in shared memory, trying Go library
2025-09-28 22:18:10.907 GMT [50288] STATEMENT:  SELECT * FROM pgraft_get_cluster_status()
2025-09-28 22:18:10.915 GMT [50291] LOG:  pgraft: pgraft_core_get_cluster_state called
2025-09-28 22:18:10.915 GMT [50291] STATEMENT:  SELECT * FROM pgraft_get_cluster_status()
2025-09-28 22:18:10.915 GMT [50291] LOG:  pgraft: Core system not initialized in shared memory, trying Go library
2025-09-28 22:18:10.915 GMT [50291] STATEMENT:  SELECT * FROM pgraft_get_cluster_status()
2025-09-28 22:18:11.746 GMT [50186] LOG:  pgraft: Worker processing command 1 for node 3
2025-09-28 22:18:11.746 GMT [50186] INFO:  pgraft: Core initialized node 3 at 127.0.0.1:7003
2025-09-28 22:18:11.746 GMT [50186] INFO:  pgraft: Cluster state: term=0, leader=-1, state=follower
2025-09-28 22:18:11.746 GMT [50186] LOG:  pgraft: Core system initialized
2025-09-28 22:18:11.746 GMT [50186] LOG:  pgraft: Using default Go library path: /usr/local/pgsql.17/lib/pgraft_go.dylib
2025-09-28 22:18:11.746 GMT [50186] LOG:  pgraft: Loading Go library from /usr/local/pgsql.17/lib/pgraft_go.dylib
2025-09-28 22:18:11.747 GMT [50186] LOG:  pgraft: Go library loaded successfully
2025-09-28 22:18:11.747 GMT [50186] LOG:  pgraft: All Go library symbols loaded successfully
2025-09-28 22:18:11.749 GMT [50186] LOG:  pgraft: Version check passed - 1.0.0
2025-09-28 22:18:11.749 GMT [50186] INFO:  pgraft: Go library loaded successfully
2025-09-28 22:18:11.749 GMT [50186] LOG:  pgraft: Go library loaded
2025/09/29 03:18:11 pgraft: INFO - Initializing node 3 at 127.0.0.1:7003
2025/09/29 03:18:11 pgraft: DEBUG - Memory storage initialized
2025/09/29 03:18:11 pgraft: DEBUG - Raft configuration created
2025/09/29 03:18:11 pgraft: DEBUG - Communication channels initialized
2025/09/29 03:18:11 pgraft: INFO - Self node registered: 3 -> 127.0.0.1:7003
2025/09/29 03:18:11 pgraft: PANIC in pgraft_go_init: no peers given; use RestartNode instead
2025-09-28 22:18:11.749 GMT [50186] LOG:  pgraft: Go Raft library initialized
2025-09-28 22:18:11.749 GMT [50186] INFO:  pgraft: Returning pgraft_go_start_ptr
2025/09/29 03:18:11 pgraft: ERROR - Not initialized
2025-09-28 22:18:11.749 GMT [50186] WARNING:  pgraft: Failed to start Go Raft goroutines
2025-09-28 22:18:12.750 GMT [50186] LOG:  pgraft: Worker processing command 2 for node 1
2025-09-28 22:18:12.750 GMT [50186] INFO:  pgraft: Added node 1 at 127.0.0.1:7001
2025-09-28 22:18:12.750 GMT [50186] INFO:  pgraft: Total nodes in cluster: 2
2025-09-28 22:18:12.750 GMT [50186] LOG:  pgraft: Node 1 added to core system
2025/09/29 03:18:12 pgraft: pgraft_go_add_peer called with nodeID=1, address=127.0.0.1, port=7001
2025/09/29 03:18:12 pgraft: adding peer node 1 at 127.0.0.1:7001
2025/09/29 03:18:12 pgraft: added node to map: 1 -> 127.0.0.1:7001
2025/09/29 03:18:12 pgraft: WARNING - Raft node is nil, cannot add peer to configuration
2025/09/29 03:18:12 pgraft: added peer node 1 at 127.0.0.1:7001 (configuration change applied)
2025-09-28 22:18:12.750 GMT [50186] LOG:  pgraft: Node 1 added to Go Raft library
2025-09-28 22:18:12.750 GMT [50186] INFO:  pgraft: Node 1 successfully added to cluster
2025-09-28 22:18:13.751 GMT [50186] LOG:  pgraft: Worker processing command 2 for node 2
2025-09-28 22:18:13.751 GMT [50186] INFO:  pgraft: Added node 2 at 127.0.0.1:7002
2025-09-28 22:18:13.751 GMT [50186] INFO:  pgraft: Total nodes in cluster: 3
2025-09-28 22:18:13.751 GMT [50186] LOG:  pgraft: Node 2 added to core system
2025/09/29 03:18:13 pgraft: pgraft_go_add_peer called with nodeID=2, address=127.0.0.1, port=7002
2025/09/29 03:18:13 pgraft: adding peer node 2 at 127.0.0.1:7002
2025/09/29 03:18:13 pgraft: added node to map: 2 -> 127.0.0.1:7002
2025/09/29 03:18:13 pgraft: WARNING - Raft node is nil, cannot add peer to configuration
2025/09/29 03:18:13 pgraft: added peer node 2 at 127.0.0.1:7002 (configuration change applied)
2025-09-28 22:18:13.751 GMT [50186] LOG:  pgraft: Node 2 added to Go Raft library
2025-09-28 22:18:13.751 GMT [50186] INFO:  pgraft: Node 2 successfully added to cluster
2025-09-28 22:18:15.753 GMT [50186] LOG:  pgraft: Worker loop - command_count=0, head=3, tail=3
2025-09-28 22:18:20.757 GMT [50186] LOG:  pgraft: Background worker running... (alive check)
2025-09-28 22:18:20.757 GMT [50186] LOG:  pgraft: Worker loop - command_count=0, head=3, tail=3
2025/09/29 03:18:20 pgraft: pgraft_go_get_leader called
2025/09/29 03:18:20 pgraft: get_leader - raftNode is nil
2025/09/29 03:18:20 pgraft: pgraft_go_get_term called
2025/09/29 03:18:20 pgraft: get_term - raftNode is nil
2025-09-28 22:18:25.763 GMT [50186] LOG:  pgraft: Worker loop - command_count=0, head=3, tail=3
2025-09-28 22:18:30.752 GMT [50534] LOG:  pgraft: pgraft_core_get_cluster_state called
2025-09-28 22:18:30.752 GMT [50534] STATEMENT:  SELECT * FROM pgraft_get_cluster_status()
2025-09-28 22:18:30.752 GMT [50534] LOG:  pgraft: Got cluster state from shared memory: leader=-1, term=-1
2025-09-28 22:18:30.752 GMT [50534] STATEMENT:  SELECT * FROM pgraft_get_cluster_status()
2025-09-28 22:18:30.767 GMT [50186] LOG:  pgraft: Background worker running... (alive check)
2025-09-28 22:18:30.768 GMT [50186] LOG:  pgraft: Worker loop - command_count=0, head=3, tail=3
2025/09/29 03:18:30 pgraft: pgraft_go_get_leader called
2025/09/29 03:18:30 pgraft: get_leader - raftNode is nil
2025/09/29 03:18:30 pgraft: pgraft_go_get_term called
2025/09/29 03:18:30 pgraft: get_term - raftNode is nil
2025-09-28 22:18:35.773 GMT [50186] LOG:  pgraft: Worker loop - command_count=0, head=3, tail=3
2025-09-28 22:18:40.778 GMT [50186] LOG:  pgraft: Background worker running... (alive check)
2025-09-28 22:18:40.778 GMT [50186] LOG:  pgraft: Worker loop - command_count=0, head=3, tail=3
2025/09/29 03:18:40 pgraft: pgraft_go_get_leader called
2025/09/29 03:18:40 pgraft: get_leader - raftNode is nil
2025/09/29 03:18:40 pgraft: pgraft_go_get_term called
2025/09/29 03:18:40 pgraft: get_term - raftNode is nil
2025-09-28 22:18:45.783 GMT [50186] LOG:  pgraft: Worker loop - command_count=0, head=3, tail=3
2025-09-28 22:18:50.788 GMT [50186] LOG:  pgraft: Background worker running... (alive check)
2025-09-28 22:18:50.788 GMT [50186] LOG:  pgraft: Worker loop - command_count=0, head=3, tail=3
2025/09/29 03:18:50 pgraft: pgraft_go_get_leader called
2025/09/29 03:18:50 pgraft: get_leader - raftNode is nil
2025/09/29 03:18:50 pgraft: pgraft_go_get_term called
2025/09/29 03:18:50 pgraft: get_term - raftNode is nil
2025-09-28 22:18:55.793 GMT [50186] LOG:  pgraft: Worker loop - command_count=0, head=3, tail=3
2025-09-28 22:19:00.798 GMT [50186] LOG:  pgraft: Background worker running... (alive check)
2025-09-28 22:19:00.798 GMT [50186] LOG:  pgraft: Worker loop - command_count=0, head=3, tail=3
2025/09/29 03:19:00 pgraft: pgraft_go_get_leader called
2025/09/29 03:19:00 pgraft: get_leader - raftNode is nil
2025/09/29 03:19:00 pgraft: pgraft_go_get_term called
2025/09/29 03:19:00 pgraft: get_term - raftNode is nil
2025-09-28 22:19:05.802 GMT [50186] LOG:  pgraft: Worker loop - command_count=0, head=3, tail=3
2025-09-28 22:19:10.806 GMT [50186] LOG:  pgraft: Background worker running... (alive check)
2025-09-28 22:19:10.806 GMT [50186] LOG:  pgraft: Worker loop - command_count=0, head=3, tail=3
2025/09/29 03:19:10 pgraft: pgraft_go_get_leader called
2025/09/29 03:19:10 pgraft: get_leader - raftNode is nil
2025/09/29 03:19:10 pgraft: pgraft_go_get_term called
2025/09/29 03:19:10 pgraft: get_term - raftNode is nil
2025-09-28 22:19:15.811 GMT [50186] LOG:  pgraft: Worker loop - command_count=0, head=3, tail=3
2025-09-28 22:19:20.815 GMT [50186] LOG:  pgraft: Background worker running... (alive check)
2025-09-28 22:19:20.815 GMT [50186] LOG:  pgraft: Worker loop - command_count=0, head=3, tail=3
2025/09/29 03:19:20 pgraft: pgraft_go_get_leader called
2025/09/29 03:19:20 pgraft: get_leader - raftNode is nil
2025/09/29 03:19:20 pgraft: pgraft_go_get_term called
2025/09/29 03:19:20 pgraft: get_term - raftNode is nil
2025-09-28 22:19:25.820 GMT [50186] LOG:  pgraft: Worker loop - command_count=0, head=3, tail=3
2025-09-28 22:19:30.823 GMT [50186] LOG:  pgraft: Background worker running... (alive check)
2025-09-28 22:19:30.824 GMT [50186] LOG:  pgraft: Worker loop - command_count=0, head=3, tail=3
2025/09/29 03:19:30 pgraft: pgraft_go_get_leader called
2025/09/29 03:19:30 pgraft: get_leader - raftNode is nil
2025/09/29 03:19:30 pgraft: pgraft_go_get_term called
2025/09/29 03:19:30 pgraft: get_term - raftNode is nil
2025-09-28 22:19:35.829 GMT [50186] LOG:  pgraft: Worker loop - command_count=0, head=3, tail=3
2025-09-28 22:19:40.832 GMT [50186] LOG:  pgraft: Background worker running... (alive check)
2025-09-28 22:19:40.832 GMT [50186] LOG:  pgraft: Worker loop - command_count=0, head=3, tail=3
2025/09/29 03:19:40 pgraft: pgraft_go_get_leader called
2025/09/29 03:19:40 pgraft: get_leader - raftNode is nil
2025/09/29 03:19:40 pgraft: pgraft_go_get_term called
2025/09/29 03:19:40 pgraft: get_term - raftNode is nil
2025-09-28 22:19:45.838 GMT [50186] LOG:  pgraft: Worker loop - command_count=0, head=3, tail=3
2025-09-28 22:19:50.842 GMT [50186] LOG:  pgraft: Background worker running... (alive check)
2025-09-28 22:19:50.842 GMT [50186] LOG:  pgraft: Worker loop - command_count=0, head=3, tail=3
2025/09/29 03:19:50 pgraft: pgraft_go_get_leader called
2025/09/29 03:19:50 pgraft: get_leader - raftNode is nil
2025/09/29 03:19:50 pgraft: pgraft_go_get_term called
2025/09/29 03:19:50 pgraft: get_term - raftNode is nil
2025-09-28 22:19:55.847 GMT [50186] LOG:  pgraft: Worker loop - command_count=0, head=3, tail=3
2025-09-28 22:20:00.851 GMT [50186] LOG:  pgraft: Background worker running... (alive check)
2025-09-28 22:20:00.851 GMT [50186] LOG:  pgraft: Worker loop - command_count=0, head=3, tail=3
2025/09/29 03:20:00 pgraft: pgraft_go_get_leader called
2025/09/29 03:20:00 pgraft: get_leader - raftNode is nil
2025/09/29 03:20:00 pgraft: pgraft_go_get_term called
2025/09/29 03:20:00 pgraft: get_term - raftNode is nil
2025-09-28 22:20:05.856 GMT [50186] LOG:  pgraft: Worker loop - command_count=0, head=3, tail=3
2025-09-28 22:20:10.861 GMT [50186] LOG:  pgraft: Background worker running... (alive check)
2025-09-28 22:20:10.861 GMT [50186] LOG:  pgraft: Worker loop - command_count=0, head=3, tail=3
2025/09/29 03:20:10 pgraft: pgraft_go_get_leader called
2025/09/29 03:20:10 pgraft: get_leader - raftNode is nil
2025/09/29 03:20:10 pgraft: pgraft_go_get_term called
2025/09/29 03:20:10 pgraft: get_term - raftNode is nil
2025-09-28 22:20:15.864 GMT [50186] LOG:  pgraft: Worker loop - command_count=0, head=3, tail=3
2025-09-28 22:20:20.868 GMT [50186] LOG:  pgraft: Background worker running... (alive check)
2025-09-28 22:20:20.868 GMT [50186] LOG:  pgraft: Worker loop - command_count=0, head=3, tail=3
2025/09/29 03:20:20 pgraft: pgraft_go_get_leader called
2025/09/29 03:20:20 pgraft: get_leader - raftNode is nil
2025/09/29 03:20:20 pgraft: pgraft_go_get_term called
2025/09/29 03:20:20 pgraft: get_term - raftNode is nil
2025-09-28 22:20:25.874 GMT [50186] LOG:  pgraft: Worker loop - command_count=0, head=3, tail=3
2025-09-28 22:20:30.877 GMT [50186] LOG:  pgraft: Background worker running... (alive check)
2025-09-28 22:20:30.877 GMT [50186] LOG:  pgraft: Worker loop - command_count=0, head=3, tail=3
2025/09/29 03:20:30 pgraft: pgraft_go_get_leader called
2025/09/29 03:20:30 pgraft: get_leader - raftNode is nil
2025/09/29 03:20:30 pgraft: pgraft_go_get_term called
2025/09/29 03:20:30 pgraft: get_term - raftNode is nil
2025-09-28 22:20:35.882 GMT [50186] LOG:  pgraft: Worker loop - command_count=0, head=3, tail=3
2025-09-28 22:20:40.885 GMT [50186] LOG:  pgraft: Background worker running... (alive check)
2025-09-28 22:20:40.885 GMT [50186] LOG:  pgraft: Worker loop - command_count=0, head=3, tail=3
2025/09/29 03:20:40 pgraft: pgraft_go_get_leader called
2025/09/29 03:20:40 pgraft: get_leader - raftNode is nil
2025/09/29 03:20:40 pgraft: pgraft_go_get_term called
2025/09/29 03:20:40 pgraft: get_term - raftNode is nil
2025-09-28 22:20:45.889 GMT [50186] LOG:  pgraft: Worker loop - command_count=0, head=3, tail=3
2025-09-28 22:20:50.893 GMT [50186] LOG:  pgraft: Background worker running... (alive check)
2025-09-28 22:20:50.893 GMT [50186] LOG:  pgraft: Worker loop - command_count=0, head=3, tail=3
2025/09/29 03:20:50 pgraft: pgraft_go_get_leader called
2025/09/29 03:20:50 pgraft: get_leader - raftNode is nil
2025/09/29 03:20:50 pgraft: pgraft_go_get_term called
2025/09/29 03:20:50 pgraft: get_term - raftNode is nil
2025-09-28 22:20:55.899 GMT [50186] LOG:  pgraft: Worker loop - command_count=0, head=3, tail=3
2025-09-28 22:21:00.902 GMT [50186] LOG:  pgraft: Background worker running... (alive check)
2025-09-28 22:21:00.902 GMT [50186] LOG:  pgraft: Worker loop - command_count=0, head=3, tail=3
2025/09/29 03:21:00 pgraft: pgraft_go_get_leader called
2025/09/29 03:21:00 pgraft: get_leader - raftNode is nil
2025/09/29 03:21:00 pgraft: pgraft_go_get_term called
2025/09/29 03:21:00 pgraft: get_term - raftNode is nil
2025-09-28 22:21:05.907 GMT [50186] LOG:  pgraft: Worker loop - command_count=0, head=3, tail=3
2025-09-28 22:21:10.913 GMT [50186] LOG:  pgraft: Background worker running... (alive check)
2025-09-28 22:21:10.913 GMT [50186] LOG:  pgraft: Worker loop - command_count=0, head=3, tail=3
2025/09/29 03:21:10 pgraft: pgraft_go_get_leader called
2025/09/29 03:21:10 pgraft: get_leader - raftNode is nil
2025/09/29 03:21:10 pgraft: pgraft_go_get_term called
2025/09/29 03:21:10 pgraft: get_term - raftNode is nil
2025-09-28 22:21:15.917 GMT [50186] LOG:  pgraft: Worker loop - command_count=0, head=3, tail=3
2025-09-28 22:21:20.921 GMT [50186] LOG:  pgraft: Background worker running... (alive check)
2025-09-28 22:21:20.921 GMT [50186] LOG:  pgraft: Worker loop - command_count=0, head=3, tail=3
2025/09/29 03:21:20 pgraft: pgraft_go_get_leader called
2025/09/29 03:21:20 pgraft: get_leader - raftNode is nil
2025/09/29 03:21:20 pgraft: pgraft_go_get_term called
2025/09/29 03:21:20 pgraft: get_term - raftNode is nil
2025-09-28 22:21:25.926 GMT [50186] LOG:  pgraft: Worker loop - command_count=0, head=3, tail=3
2025-09-28 22:21:30.930 GMT [50186] LOG:  pgraft: Background worker running... (alive check)
2025-09-28 22:21:30.930 GMT [50186] LOG:  pgraft: Worker loop - command_count=0, head=3, tail=3
2025/09/29 03:21:30 pgraft: pgraft_go_get_leader called
2025/09/29 03:21:30 pgraft: get_leader - raftNode is nil
2025/09/29 03:21:30 pgraft: pgraft_go_get_term called
2025/09/29 03:21:30 pgraft: get_term - raftNode is nil
2025-09-28 22:21:35.935 GMT [50186] LOG:  pgraft: Worker loop - command_count=0, head=3, tail=3
2025-09-28 22:21:40.940 GMT [50186] LOG:  pgraft: Background worker running... (alive check)
2025-09-28 22:21:40.940 GMT [50186] LOG:  pgraft: Worker loop - command_count=0, head=3, tail=3
2025/09/29 03:21:40 pgraft: pgraft_go_get_leader called
2025/09/29 03:21:40 pgraft: get_leader - raftNode is nil
2025/09/29 03:21:40 pgraft: pgraft_go_get_term called
2025/09/29 03:21:40 pgraft: get_term - raftNode is nil
2025-09-28 22:21:45.945 GMT [50186] LOG:  pgraft: Worker loop - command_count=0, head=3, tail=3
2025-09-28 22:21:50.950 GMT [50186] LOG:  pgraft: Background worker running... (alive check)
2025-09-28 22:21:50.950 GMT [50186] LOG:  pgraft: Worker loop - command_count=0, head=3, tail=3
2025/09/29 03:21:50 pgraft: pgraft_go_get_leader called
2025/09/29 03:21:50 pgraft: get_leader - raftNode is nil
2025/09/29 03:21:50 pgraft: pgraft_go_get_term called
2025/09/29 03:21:50 pgraft: get_term - raftNode is nil
2025-09-28 22:21:55.955 GMT [50186] LOG:  pgraft: Worker loop - command_count=0, head=3, tail=3
2025-09-28 22:22:00.959 GMT [50186] LOG:  pgraft: Background worker running... (alive check)
2025-09-28 22:22:00.959 GMT [50186] LOG:  pgraft: Worker loop - command_count=0, head=3, tail=3
2025/09/29 03:22:00 pgraft: pgraft_go_get_leader called
2025/09/29 03:22:00 pgraft: get_leader - raftNode is nil
2025/09/29 03:22:00 pgraft: pgraft_go_get_term called
2025/09/29 03:22:00 pgraft: get_term - raftNode is nil
2025-09-28 22:22:05.964 GMT [50186] LOG:  pgraft: Worker loop - command_count=0, head=3, tail=3
2025-09-28 22:22:10.969 GMT [50186] LOG:  pgraft: Background worker running... (alive check)
2025-09-28 22:22:10.969 GMT [50186] LOG:  pgraft: Worker loop - command_count=0, head=3, tail=3
2025/09/29 03:22:10 pgraft: pgraft_go_get_leader called
2025/09/29 03:22:10 pgraft: get_leader - raftNode is nil
2025/09/29 03:22:10 pgraft: pgraft_go_get_term called
2025/09/29 03:22:10 pgraft: get_term - raftNode is nil
2025-09-28 22:22:15.974 GMT [50186] LOG:  pgraft: Worker loop - command_count=0, head=3, tail=3
2025-09-28 22:22:20.979 GMT [50186] LOG:  pgraft: Background worker running... (alive check)
2025-09-28 22:22:20.979 GMT [50186] LOG:  pgraft: Worker loop - command_count=0, head=3, tail=3
2025/09/29 03:22:20 pgraft: pgraft_go_get_leader called
2025/09/29 03:22:20 pgraft: get_leader - raftNode is nil
2025/09/29 03:22:20 pgraft: pgraft_go_get_term called
2025/09/29 03:22:20 pgraft: get_term - raftNode is nil
2025-09-28 22:22:25.983 GMT [50186] LOG:  pgraft: Worker loop - command_count=0, head=3, tail=3
2025-09-28 22:22:30.988 GMT [50186] LOG:  pgraft: Background worker running... (alive check)
2025-09-28 22:22:30.988 GMT [50186] LOG:  pgraft: Worker loop - command_count=0, head=3, tail=3
2025/09/29 03:22:30 pgraft: pgraft_go_get_leader called
2025/09/29 03:22:30 pgraft: get_leader - raftNode is nil
2025/09/29 03:22:30 pgraft: pgraft_go_get_term called
2025/09/29 03:22:30 pgraft: get_term - raftNode is nil
2025-09-28 22:22:35.993 GMT [50186] LOG:  pgraft: Worker loop - command_count=0, head=3, tail=3
2025-09-28 22:22:40.997 GMT [50186] LOG:  pgraft: Background worker running... (alive check)
2025-09-28 22:22:40.997 GMT [50186] LOG:  pgraft: Worker loop - command_count=0, head=3, tail=3
2025/09/29 03:22:40 pgraft: pgraft_go_get_leader called
2025/09/29 03:22:40 pgraft: get_leader - raftNode is nil
2025/09/29 03:22:40 pgraft: pgraft_go_get_term called
2025/09/29 03:22:40 pgraft: get_term - raftNode is nil
2025-09-28 22:22:46.001 GMT [50186] LOG:  pgraft: Worker loop - command_count=0, head=3, tail=3
2025-09-28 22:22:51.005 GMT [50186] LOG:  pgraft: Background worker running... (alive check)
2025-09-28 22:22:51.005 GMT [50186] LOG:  pgraft: Worker loop - command_count=0, head=3, tail=3
2025/09/29 03:22:51 pgraft: pgraft_go_get_leader called
2025/09/29 03:22:51 pgraft: get_leader - raftNode is nil
2025/09/29 03:22:51 pgraft: pgraft_go_get_term called
2025/09/29 03:22:51 pgraft: get_term - raftNode is nil
