2025-09-28 22:17:55.571 GMT [50125] INFO:  pgraft: Initializing extension version 1.0.0
2025-09-28 22:17:55.571 GMT [50125] LOG:  pgraft: Shared memory request hook installed
2025-09-28 22:17:55.571 GMT [50125] LOG:  pgraft: Shared memory startup hook installed
2025-09-28 22:17:55.571 GMT [50125] LOG:  pgraft: GUC variables registered
2025-09-28 22:17:55.571 GMT [50125] LOG:  pgraft: background worker registered during preload (will start after consistent state)
2025-09-28 22:17:55.571 GMT [50125] LOG:  pgraft: Background worker registration completed
2025-09-28 22:17:55.571 GMT [50125] INFO:  pgraft: Extension initialized successfully
2025-09-28 22:17:55.571 GMT [50125] LOG:  pgraft: Shared memory request hook completed
2025-09-28 22:17:55.572 GMT [50125] LOG:  pgraft: Shared memory startup hook called
2025-09-28 22:17:55.572 GMT [50125] INFO:  pgraft: Initializing shared memory
2025-09-28 22:17:55.572 GMT [50125] INFO:  pgraft: Creating new shared memory
2025-09-28 22:17:55.572 GMT [50125] INFO:  pgraft: Shared memory initialized
2025-09-28 22:17:55.572 GMT [50125] LOG:  pgraft: Go shared memory initialization completed
2025-09-28 22:17:55.572 GMT [50125] INFO:  pgraft: Initializing log replication shared memory
2025-09-28 22:17:55.572 GMT [50125] INFO:  pgraft: Creating new log replication shared memory
2025-09-28 22:17:55.572 GMT [50125] INFO:  pgraft: Log replication shared memory initialized
2025-09-28 22:17:55.572 GMT [50125] LOG:  pgraft: Worker shared memory initialization completed
2025-09-28 22:17:55.572 GMT [50125] LOG:  pgraft: All shared memory structures initialized
2025-09-28 22:17:55.586 GMT [50125] LOG:  starting PostgreSQL 17.6 on aarch64-apple-darwin24.5.0, compiled by Apple clang version 17.0.0 (clang-1700.0.13.5), 64-bit
2025-09-28 22:17:55.587 GMT [50125] LOG:  listening on IPv6 address "::", port 5433
2025-09-28 22:17:55.587 GMT [50125] LOG:  listening on IPv4 address "0.0.0.0", port 5433
2025-09-28 22:17:55.588 GMT [50125] LOG:  listening on Unix socket "/tmp/.s.PGSQL.5433"
2025-09-28 22:17:55.590 GMT [50128] LOG:  database system was shut down at 2025-09-28 22:17:48 GMT
2025-09-28 22:17:55.594 GMT [50125] LOG:  database system is ready to accept connections
2025-09-28 22:17:55.595 GMT [50131] LOG:  pgraft: Background worker main function started
2025-09-28 22:17:55.595 GMT [50131] LOG:  pgraft: Background worker signal handling set up
2025-09-28 22:17:55.595 GMT [50131] LOG:  pgraft: Worker state obtained successfully
2025-09-28 22:17:55.595 GMT [50131] LOG:  pgraft: Worker status set to RUNNING
2025-09-28 22:17:55.595 GMT [50131] LOG:  pgraft: Background worker started and running
2025-09-28 22:17:55.595 GMT [50131] LOG:  pgraft: Worker loop - command_count=0, head=0, tail=0
2025-09-28 22:17:55.595 GMT [50131] INFO:  pgraft: Initializing Go state shared memory
2025-09-28 22:17:55.595 GMT [50131] INFO:  pgraft: Creating new Go state shared memory
2025-09-28 22:17:55.595 GMT [50131] INFO:  pgraft: Go state shared memory initialized
2025-09-28 22:18:00.600 GMT [50131] LOG:  pgraft: Worker loop - command_count=0, head=0, tail=0
2025-09-28 22:18:05.605 GMT [50131] LOG:  pgraft: Background worker running... (alive check)
2025-09-28 22:18:05.605 GMT [50131] LOG:  pgraft: Worker loop - command_count=0, head=0, tail=0
2025-09-28 22:18:10.608 GMT [50131] LOG:  pgraft: Worker loop - command_count=0, head=0, tail=0
2025-09-28 22:18:10.869 GMT [50281] INFO:  pgraft: Queuing INIT command for node 2 at 127.0.0.1:7002 (cluster: pgraft_cluster)
2025-09-28 22:18:10.869 GMT [50281] LOG:  pgraft: pgraft_queue_command called with type=1, node_id=2, address=127.0.0.1, port=7002
2025-09-28 22:18:10.869 GMT [50281] STATEMENT:  SELECT pgraft_init()
2025-09-28 22:18:10.869 GMT [50281] LOG:  pgraft: Command 1 queued for node 2 at 127.0.0.1:7002 (count=1)
2025-09-28 22:18:10.869 GMT [50281] STATEMENT:  SELECT pgraft_init()
2025-09-28 22:18:10.869 GMT [50281] INFO:  pgraft: INIT command queued successfully - background worker will process it
2025-09-28 22:18:10.869 GMT [50281] INFO:  pgraft: pgraft_get_worker_state() function called
2025-09-28 22:18:10.891 GMT [50284] INFO:  pgraft: Queuing ADD_NODE command for node 1 at 127.0.0.1:7001
2025-09-28 22:18:10.891 GMT [50284] LOG:  pgraft: pgraft_queue_command called with type=2, node_id=1, address=127.0.0.1, port=7001
2025-09-28 22:18:10.891 GMT [50284] STATEMENT:  SELECT pgraft_add_node(1, '127.0.0.1', 7001)
2025-09-28 22:18:10.891 GMT [50284] LOG:  pgraft: Command 2 queued for node 1 at 127.0.0.1:7001 (count=2)
2025-09-28 22:18:10.891 GMT [50284] STATEMENT:  SELECT pgraft_add_node(1, '127.0.0.1', 7001)
2025-09-28 22:18:10.891 GMT [50284] INFO:  pgraft: ADD_NODE command queued successfully - background worker will process it
2025-09-28 22:18:10.891 GMT [50284] INFO:  pgraft: Queuing ADD_NODE command for node 3 at 127.0.0.1:7003
2025-09-28 22:18:10.891 GMT [50284] LOG:  pgraft: pgraft_queue_command called with type=2, node_id=3, address=127.0.0.1, port=7003
2025-09-28 22:18:10.891 GMT [50284] STATEMENT:  SELECT pgraft_add_node(3, '127.0.0.1', 7003)
2025-09-28 22:18:10.891 GMT [50284] LOG:  pgraft: Command 2 queued for node 3 at 127.0.0.1:7003 (count=3)
2025-09-28 22:18:10.891 GMT [50284] STATEMENT:  SELECT pgraft_add_node(3, '127.0.0.1', 7003)
2025-09-28 22:18:10.891 GMT [50284] INFO:  pgraft: ADD_NODE command queued successfully - background worker will process it
2025-09-28 22:18:10.903 GMT [50287] LOG:  pgraft: pgraft_core_get_cluster_state called
2025-09-28 22:18:10.903 GMT [50287] STATEMENT:  SELECT * FROM pgraft_get_cluster_status()
2025-09-28 22:18:10.903 GMT [50287] LOG:  pgraft: Core system not initialized in shared memory, trying Go library
2025-09-28 22:18:10.903 GMT [50287] STATEMENT:  SELECT * FROM pgraft_get_cluster_status()
2025-09-28 22:18:10.912 GMT [50290] LOG:  pgraft: pgraft_core_get_cluster_state called
2025-09-28 22:18:10.912 GMT [50290] STATEMENT:  SELECT * FROM pgraft_get_cluster_status()
2025-09-28 22:18:10.912 GMT [50290] LOG:  pgraft: Core system not initialized in shared memory, trying Go library
2025-09-28 22:18:10.912 GMT [50290] STATEMENT:  SELECT * FROM pgraft_get_cluster_status()
2025-09-28 22:18:11.609 GMT [50131] LOG:  pgraft: Worker processing command 1 for node 2
2025-09-28 22:18:11.609 GMT [50131] INFO:  pgraft: Core initialized node 2 at 127.0.0.1:7002
2025-09-28 22:18:11.609 GMT [50131] INFO:  pgraft: Cluster state: term=0, leader=-1, state=follower
2025-09-28 22:18:11.609 GMT [50131] LOG:  pgraft: Core system initialized
2025-09-28 22:18:11.609 GMT [50131] LOG:  pgraft: Using default Go library path: /usr/local/pgsql.17/lib/pgraft_go.dylib
2025-09-28 22:18:11.609 GMT [50131] LOG:  pgraft: Loading Go library from /usr/local/pgsql.17/lib/pgraft_go.dylib
2025-09-28 22:18:11.610 GMT [50131] LOG:  pgraft: Go library loaded successfully
2025-09-28 22:18:11.610 GMT [50131] LOG:  pgraft: All Go library symbols loaded successfully
2025-09-28 22:18:11.612 GMT [50131] LOG:  pgraft: Version check passed - 1.0.0
2025-09-28 22:18:11.612 GMT [50131] INFO:  pgraft: Go library loaded successfully
2025-09-28 22:18:11.612 GMT [50131] LOG:  pgraft: Go library loaded
2025/09/29 03:18:11 pgraft: INFO - Initializing node 2 at 127.0.0.1:7002
2025/09/29 03:18:11 pgraft: DEBUG - Memory storage initialized
2025/09/29 03:18:11 pgraft: DEBUG - Raft configuration created
2025/09/29 03:18:11 pgraft: DEBUG - Communication channels initialized
2025/09/29 03:18:11 pgraft: INFO - Self node registered: 2 -> 127.0.0.1:7002
2025/09/29 03:18:11 pgraft: PANIC in pgraft_go_init: no peers given; use RestartNode instead
2025-09-28 22:18:11.612 GMT [50131] LOG:  pgraft: Go Raft library initialized
2025-09-28 22:18:11.612 GMT [50131] INFO:  pgraft: Returning pgraft_go_start_ptr
2025/09/29 03:18:11 pgraft: ERROR - Not initialized
2025-09-28 22:18:11.612 GMT [50131] WARNING:  pgraft: Failed to start Go Raft goroutines
2025-09-28 22:18:12.613 GMT [50131] LOG:  pgraft: Worker processing command 2 for node 1
2025-09-28 22:18:12.613 GMT [50131] INFO:  pgraft: Added node 1 at 127.0.0.1:7001
2025-09-28 22:18:12.613 GMT [50131] INFO:  pgraft: Total nodes in cluster: 2
2025-09-28 22:18:12.613 GMT [50131] LOG:  pgraft: Node 1 added to core system
2025/09/29 03:18:12 pgraft: pgraft_go_add_peer called with nodeID=1, address=127.0.0.1, port=7001
2025/09/29 03:18:12 pgraft: adding peer node 1 at 127.0.0.1:7001
2025/09/29 03:18:12 pgraft: added node to map: 1 -> 127.0.0.1:7001
2025/09/29 03:18:12 pgraft: WARNING - Raft node is nil, cannot add peer to configuration
2025/09/29 03:18:12 pgraft: added peer node 1 at 127.0.0.1:7001 (configuration change applied)
2025-09-28 22:18:12.613 GMT [50131] LOG:  pgraft: Node 1 added to Go Raft library
2025-09-28 22:18:12.613 GMT [50131] INFO:  pgraft: Node 1 successfully added to cluster
2025-09-28 22:18:13.614 GMT [50131] LOG:  pgraft: Worker processing command 2 for node 3
2025-09-28 22:18:13.614 GMT [50131] INFO:  pgraft: Added node 3 at 127.0.0.1:7003
2025-09-28 22:18:13.614 GMT [50131] INFO:  pgraft: Total nodes in cluster: 3
2025-09-28 22:18:13.614 GMT [50131] LOG:  pgraft: Node 3 added to core system
2025/09/29 03:18:13 pgraft: pgraft_go_add_peer called with nodeID=3, address=127.0.0.1, port=7003
2025/09/29 03:18:13 pgraft: adding peer node 3 at 127.0.0.1:7003
2025/09/29 03:18:13 pgraft: added node to map: 3 -> 127.0.0.1:7003
2025/09/29 03:18:13 pgraft: WARNING - Raft node is nil, cannot add peer to configuration
2025/09/29 03:18:13 pgraft: added peer node 3 at 127.0.0.1:7003 (configuration change applied)
2025-09-28 22:18:13.615 GMT [50131] LOG:  pgraft: Node 3 added to Go Raft library
2025-09-28 22:18:13.615 GMT [50131] INFO:  pgraft: Node 3 successfully added to cluster
2025-09-28 22:18:15.617 GMT [50131] LOG:  pgraft: Background worker running... (alive check)
2025-09-28 22:18:15.617 GMT [50131] LOG:  pgraft: Worker loop - command_count=0, head=3, tail=3
2025/09/29 03:18:15 pgraft: pgraft_go_get_leader called
2025/09/29 03:18:15 pgraft: get_leader - raftNode is nil
2025/09/29 03:18:15 pgraft: pgraft_go_get_term called
2025/09/29 03:18:15 pgraft: get_term - raftNode is nil
2025-09-28 22:18:20.622 GMT [50131] LOG:  pgraft: Worker loop - command_count=0, head=3, tail=3
2025-09-28 22:18:25.627 GMT [50131] LOG:  pgraft: Background worker running... (alive check)
2025-09-28 22:18:25.627 GMT [50131] LOG:  pgraft: Worker loop - command_count=0, head=3, tail=3
2025/09/29 03:18:25 pgraft: pgraft_go_get_leader called
2025/09/29 03:18:25 pgraft: get_leader - raftNode is nil
2025/09/29 03:18:25 pgraft: pgraft_go_get_term called
2025/09/29 03:18:25 pgraft: get_term - raftNode is nil
2025-09-28 22:18:30.632 GMT [50131] LOG:  pgraft: Worker loop - command_count=0, head=3, tail=3
2025-09-28 22:18:30.750 GMT [50533] LOG:  pgraft: pgraft_core_get_cluster_state called
2025-09-28 22:18:30.750 GMT [50533] STATEMENT:  SELECT * FROM pgraft_get_cluster_status()
2025-09-28 22:18:30.750 GMT [50533] LOG:  pgraft: Got cluster state from shared memory: leader=-1, term=-1
2025-09-28 22:18:30.750 GMT [50533] STATEMENT:  SELECT * FROM pgraft_get_cluster_status()
2025-09-28 22:18:35.636 GMT [50131] LOG:  pgraft: Background worker running... (alive check)
2025-09-28 22:18:35.636 GMT [50131] LOG:  pgraft: Worker loop - command_count=0, head=3, tail=3
2025/09/29 03:18:35 pgraft: pgraft_go_get_leader called
2025/09/29 03:18:35 pgraft: get_leader - raftNode is nil
2025/09/29 03:18:35 pgraft: pgraft_go_get_term called
2025/09/29 03:18:35 pgraft: get_term - raftNode is nil
2025-09-28 22:18:40.640 GMT [50131] LOG:  pgraft: Worker loop - command_count=0, head=3, tail=3
2025-09-28 22:18:45.644 GMT [50131] LOG:  pgraft: Background worker running... (alive check)
2025-09-28 22:18:45.644 GMT [50131] LOG:  pgraft: Worker loop - command_count=0, head=3, tail=3
2025/09/29 03:18:45 pgraft: pgraft_go_get_leader called
2025/09/29 03:18:45 pgraft: get_leader - raftNode is nil
2025/09/29 03:18:45 pgraft: pgraft_go_get_term called
2025/09/29 03:18:45 pgraft: get_term - raftNode is nil
2025-09-28 22:18:50.649 GMT [50131] LOG:  pgraft: Worker loop - command_count=0, head=3, tail=3
2025-09-28 22:18:55.654 GMT [50131] LOG:  pgraft: Background worker running... (alive check)
2025-09-28 22:18:55.654 GMT [50131] LOG:  pgraft: Worker loop - command_count=0, head=3, tail=3
2025/09/29 03:18:55 pgraft: pgraft_go_get_leader called
2025/09/29 03:18:55 pgraft: get_leader - raftNode is nil
2025/09/29 03:18:55 pgraft: pgraft_go_get_term called
2025/09/29 03:18:55 pgraft: get_term - raftNode is nil
2025-09-28 22:19:00.658 GMT [50131] LOG:  pgraft: Worker loop - command_count=0, head=3, tail=3
2025-09-28 22:19:05.663 GMT [50131] LOG:  pgraft: Background worker running... (alive check)
2025-09-28 22:19:05.663 GMT [50131] LOG:  pgraft: Worker loop - command_count=0, head=3, tail=3
2025/09/29 03:19:05 pgraft: pgraft_go_get_leader called
2025/09/29 03:19:05 pgraft: get_leader - raftNode is nil
2025/09/29 03:19:05 pgraft: pgraft_go_get_term called
2025/09/29 03:19:05 pgraft: get_term - raftNode is nil
2025-09-28 22:19:10.666 GMT [50131] LOG:  pgraft: Worker loop - command_count=0, head=3, tail=3
2025-09-28 22:19:15.671 GMT [50131] LOG:  pgraft: Background worker running... (alive check)
2025-09-28 22:19:15.671 GMT [50131] LOG:  pgraft: Worker loop - command_count=0, head=3, tail=3
2025/09/29 03:19:15 pgraft: pgraft_go_get_leader called
2025/09/29 03:19:15 pgraft: get_leader - raftNode is nil
2025/09/29 03:19:15 pgraft: pgraft_go_get_term called
2025/09/29 03:19:15 pgraft: get_term - raftNode is nil
2025-09-28 22:19:20.674 GMT [50131] LOG:  pgraft: Worker loop - command_count=0, head=3, tail=3
2025-09-28 22:19:25.677 GMT [50131] LOG:  pgraft: Background worker running... (alive check)
2025-09-28 22:19:25.677 GMT [50131] LOG:  pgraft: Worker loop - command_count=0, head=3, tail=3
2025/09/29 03:19:25 pgraft: pgraft_go_get_leader called
2025/09/29 03:19:25 pgraft: get_leader - raftNode is nil
2025/09/29 03:19:25 pgraft: pgraft_go_get_term called
2025/09/29 03:19:25 pgraft: get_term - raftNode is nil
2025-09-28 22:19:30.681 GMT [50131] LOG:  pgraft: Worker loop - command_count=0, head=3, tail=3
2025-09-28 22:19:35.685 GMT [50131] LOG:  pgraft: Background worker running... (alive check)
2025-09-28 22:19:35.685 GMT [50131] LOG:  pgraft: Worker loop - command_count=0, head=3, tail=3
2025/09/29 03:19:35 pgraft: pgraft_go_get_leader called
2025/09/29 03:19:35 pgraft: get_leader - raftNode is nil
2025/09/29 03:19:35 pgraft: pgraft_go_get_term called
2025/09/29 03:19:35 pgraft: get_term - raftNode is nil
2025-09-28 22:19:40.691 GMT [50131] LOG:  pgraft: Worker loop - command_count=0, head=3, tail=3
2025-09-28 22:19:45.694 GMT [50131] LOG:  pgraft: Background worker running... (alive check)
2025-09-28 22:19:45.694 GMT [50131] LOG:  pgraft: Worker loop - command_count=0, head=3, tail=3
2025/09/29 03:19:45 pgraft: pgraft_go_get_leader called
2025/09/29 03:19:45 pgraft: get_leader - raftNode is nil
2025/09/29 03:19:45 pgraft: pgraft_go_get_term called
2025/09/29 03:19:45 pgraft: get_term - raftNode is nil
2025-09-28 22:19:50.699 GMT [50131] LOG:  pgraft: Worker loop - command_count=0, head=3, tail=3
2025-09-28 22:19:55.703 GMT [50131] LOG:  pgraft: Background worker running... (alive check)
2025-09-28 22:19:55.703 GMT [50131] LOG:  pgraft: Worker loop - command_count=0, head=3, tail=3
2025/09/29 03:19:55 pgraft: pgraft_go_get_leader called
2025/09/29 03:19:55 pgraft: get_leader - raftNode is nil
2025/09/29 03:19:55 pgraft: pgraft_go_get_term called
2025/09/29 03:19:55 pgraft: get_term - raftNode is nil
2025-09-28 22:20:00.706 GMT [50131] LOG:  pgraft: Worker loop - command_count=0, head=3, tail=3
2025-09-28 22:20:05.710 GMT [50131] LOG:  pgraft: Background worker running... (alive check)
2025-09-28 22:20:05.710 GMT [50131] LOG:  pgraft: Worker loop - command_count=0, head=3, tail=3
2025/09/29 03:20:05 pgraft: pgraft_go_get_leader called
2025/09/29 03:20:05 pgraft: get_leader - raftNode is nil
2025/09/29 03:20:05 pgraft: pgraft_go_get_term called
2025/09/29 03:20:05 pgraft: get_term - raftNode is nil
2025-09-28 22:20:10.715 GMT [50131] LOG:  pgraft: Worker loop - command_count=0, head=3, tail=3
2025-09-28 22:20:15.719 GMT [50131] LOG:  pgraft: Background worker running... (alive check)
2025-09-28 22:20:15.720 GMT [50131] LOG:  pgraft: Worker loop - command_count=0, head=3, tail=3
2025/09/29 03:20:15 pgraft: pgraft_go_get_leader called
2025/09/29 03:20:15 pgraft: get_leader - raftNode is nil
2025/09/29 03:20:15 pgraft: pgraft_go_get_term called
2025/09/29 03:20:15 pgraft: get_term - raftNode is nil
2025-09-28 22:20:20.723 GMT [50131] LOG:  pgraft: Worker loop - command_count=0, head=3, tail=3
2025-09-28 22:20:25.727 GMT [50131] LOG:  pgraft: Background worker running... (alive check)
2025-09-28 22:20:25.727 GMT [50131] LOG:  pgraft: Worker loop - command_count=0, head=3, tail=3
2025/09/29 03:20:25 pgraft: pgraft_go_get_leader called
2025/09/29 03:20:25 pgraft: get_leader - raftNode is nil
2025/09/29 03:20:25 pgraft: pgraft_go_get_term called
2025/09/29 03:20:25 pgraft: get_term - raftNode is nil
2025-09-28 22:20:30.731 GMT [50131] LOG:  pgraft: Worker loop - command_count=0, head=3, tail=3
2025-09-28 22:20:35.735 GMT [50131] LOG:  pgraft: Background worker running... (alive check)
2025-09-28 22:20:35.735 GMT [50131] LOG:  pgraft: Worker loop - command_count=0, head=3, tail=3
2025/09/29 03:20:35 pgraft: pgraft_go_get_leader called
2025/09/29 03:20:35 pgraft: get_leader - raftNode is nil
2025/09/29 03:20:35 pgraft: pgraft_go_get_term called
2025/09/29 03:20:35 pgraft: get_term - raftNode is nil
2025-09-28 22:20:40.738 GMT [50131] LOG:  pgraft: Worker loop - command_count=0, head=3, tail=3
2025-09-28 22:20:45.744 GMT [50131] LOG:  pgraft: Background worker running... (alive check)
2025-09-28 22:20:45.744 GMT [50131] LOG:  pgraft: Worker loop - command_count=0, head=3, tail=3
2025/09/29 03:20:45 pgraft: pgraft_go_get_leader called
2025/09/29 03:20:45 pgraft: get_leader - raftNode is nil
2025/09/29 03:20:45 pgraft: pgraft_go_get_term called
2025/09/29 03:20:45 pgraft: get_term - raftNode is nil
2025-09-28 22:20:50.748 GMT [50131] LOG:  pgraft: Worker loop - command_count=0, head=3, tail=3
2025-09-28 22:20:55.752 GMT [50131] LOG:  pgraft: Background worker running... (alive check)
2025-09-28 22:20:55.752 GMT [50131] LOG:  pgraft: Worker loop - command_count=0, head=3, tail=3
2025/09/29 03:20:55 pgraft: pgraft_go_get_leader called
2025/09/29 03:20:55 pgraft: get_leader - raftNode is nil
2025/09/29 03:20:55 pgraft: pgraft_go_get_term called
2025/09/29 03:20:55 pgraft: get_term - raftNode is nil
2025-09-28 22:21:00.757 GMT [50131] LOG:  pgraft: Worker loop - command_count=0, head=3, tail=3
2025-09-28 22:21:05.761 GMT [50131] LOG:  pgraft: Background worker running... (alive check)
2025-09-28 22:21:05.762 GMT [50131] LOG:  pgraft: Worker loop - command_count=0, head=3, tail=3
2025/09/29 03:21:05 pgraft: pgraft_go_get_leader called
2025/09/29 03:21:05 pgraft: get_leader - raftNode is nil
2025/09/29 03:21:05 pgraft: pgraft_go_get_term called
2025/09/29 03:21:05 pgraft: get_term - raftNode is nil
2025-09-28 22:21:10.767 GMT [50131] LOG:  pgraft: Worker loop - command_count=0, head=3, tail=3
2025-09-28 22:21:15.772 GMT [50131] LOG:  pgraft: Background worker running... (alive check)
2025-09-28 22:21:15.772 GMT [50131] LOG:  pgraft: Worker loop - command_count=0, head=3, tail=3
2025/09/29 03:21:15 pgraft: pgraft_go_get_leader called
2025/09/29 03:21:15 pgraft: get_leader - raftNode is nil
2025/09/29 03:21:15 pgraft: pgraft_go_get_term called
2025/09/29 03:21:15 pgraft: get_term - raftNode is nil
2025-09-28 22:21:20.776 GMT [50131] LOG:  pgraft: Worker loop - command_count=0, head=3, tail=3
2025-09-28 22:21:25.780 GMT [50131] LOG:  pgraft: Background worker running... (alive check)
2025-09-28 22:21:25.781 GMT [50131] LOG:  pgraft: Worker loop - command_count=0, head=3, tail=3
2025/09/29 03:21:25 pgraft: pgraft_go_get_leader called
2025/09/29 03:21:25 pgraft: get_leader - raftNode is nil
2025/09/29 03:21:25 pgraft: pgraft_go_get_term called
2025/09/29 03:21:25 pgraft: get_term - raftNode is nil
2025-09-28 22:21:30.785 GMT [50131] LOG:  pgraft: Worker loop - command_count=0, head=3, tail=3
2025-09-28 22:21:35.789 GMT [50131] LOG:  pgraft: Background worker running... (alive check)
2025-09-28 22:21:35.789 GMT [50131] LOG:  pgraft: Worker loop - command_count=0, head=3, tail=3
2025/09/29 03:21:35 pgraft: pgraft_go_get_leader called
2025/09/29 03:21:35 pgraft: get_leader - raftNode is nil
2025/09/29 03:21:35 pgraft: pgraft_go_get_term called
2025/09/29 03:21:35 pgraft: get_term - raftNode is nil
2025-09-28 22:21:40.793 GMT [50131] LOG:  pgraft: Worker loop - command_count=0, head=3, tail=3
2025-09-28 22:21:45.797 GMT [50131] LOG:  pgraft: Background worker running... (alive check)
2025-09-28 22:21:45.797 GMT [50131] LOG:  pgraft: Worker loop - command_count=0, head=3, tail=3
2025/09/29 03:21:45 pgraft: pgraft_go_get_leader called
2025/09/29 03:21:45 pgraft: get_leader - raftNode is nil
2025/09/29 03:21:45 pgraft: pgraft_go_get_term called
2025/09/29 03:21:45 pgraft: get_term - raftNode is nil
2025-09-28 22:21:50.802 GMT [50131] LOG:  pgraft: Worker loop - command_count=0, head=3, tail=3
2025-09-28 22:21:55.807 GMT [50131] LOG:  pgraft: Background worker running... (alive check)
2025-09-28 22:21:55.807 GMT [50131] LOG:  pgraft: Worker loop - command_count=0, head=3, tail=3
2025/09/29 03:21:55 pgraft: pgraft_go_get_leader called
2025/09/29 03:21:55 pgraft: get_leader - raftNode is nil
2025/09/29 03:21:55 pgraft: pgraft_go_get_term called
2025/09/29 03:21:55 pgraft: get_term - raftNode is nil
2025-09-28 22:22:00.812 GMT [50131] LOG:  pgraft: Worker loop - command_count=0, head=3, tail=3
2025-09-28 22:22:05.816 GMT [50131] LOG:  pgraft: Background worker running... (alive check)
2025-09-28 22:22:05.817 GMT [50131] LOG:  pgraft: Worker loop - command_count=0, head=3, tail=3
2025/09/29 03:22:05 pgraft: pgraft_go_get_leader called
2025/09/29 03:22:05 pgraft: get_leader - raftNode is nil
2025/09/29 03:22:05 pgraft: pgraft_go_get_term called
2025/09/29 03:22:05 pgraft: get_term - raftNode is nil
2025-09-28 22:22:10.821 GMT [50131] LOG:  pgraft: Worker loop - command_count=0, head=3, tail=3
2025-09-28 22:22:15.826 GMT [50131] LOG:  pgraft: Background worker running... (alive check)
2025-09-28 22:22:15.826 GMT [50131] LOG:  pgraft: Worker loop - command_count=0, head=3, tail=3
2025/09/29 03:22:15 pgraft: pgraft_go_get_leader called
2025/09/29 03:22:15 pgraft: get_leader - raftNode is nil
2025/09/29 03:22:15 pgraft: pgraft_go_get_term called
2025/09/29 03:22:15 pgraft: get_term - raftNode is nil
2025-09-28 22:22:20.830 GMT [50131] LOG:  pgraft: Worker loop - command_count=0, head=3, tail=3
2025-09-28 22:22:25.835 GMT [50131] LOG:  pgraft: Background worker running... (alive check)
2025-09-28 22:22:25.835 GMT [50131] LOG:  pgraft: Worker loop - command_count=0, head=3, tail=3
2025/09/29 03:22:25 pgraft: pgraft_go_get_leader called
2025/09/29 03:22:25 pgraft: get_leader - raftNode is nil
2025/09/29 03:22:25 pgraft: pgraft_go_get_term called
2025/09/29 03:22:25 pgraft: get_term - raftNode is nil
2025-09-28 22:22:30.840 GMT [50131] LOG:  pgraft: Worker loop - command_count=0, head=3, tail=3
2025-09-28 22:22:35.843 GMT [50131] LOG:  pgraft: Background worker running... (alive check)
2025-09-28 22:22:35.843 GMT [50131] LOG:  pgraft: Worker loop - command_count=0, head=3, tail=3
2025/09/29 03:22:35 pgraft: pgraft_go_get_leader called
2025/09/29 03:22:35 pgraft: get_leader - raftNode is nil
2025/09/29 03:22:35 pgraft: pgraft_go_get_term called
2025/09/29 03:22:35 pgraft: get_term - raftNode is nil
2025-09-28 22:22:40.847 GMT [50131] LOG:  pgraft: Worker loop - command_count=0, head=3, tail=3
2025-09-28 22:22:45.852 GMT [50131] LOG:  pgraft: Background worker running... (alive check)
2025-09-28 22:22:45.852 GMT [50131] LOG:  pgraft: Worker loop - command_count=0, head=3, tail=3
2025/09/29 03:22:45 pgraft: pgraft_go_get_leader called
2025/09/29 03:22:45 pgraft: get_leader - raftNode is nil
2025/09/29 03:22:45 pgraft: pgraft_go_get_term called
2025/09/29 03:22:45 pgraft: get_term - raftNode is nil
2025-09-28 22:22:50.856 GMT [50131] LOG:  pgraft: Worker loop - command_count=0, head=3, tail=3
